<?xml version="1.0" encoding="UTF-8"?>
<!-- Generated by org.testng.reporters.JUnitReportReporter -->
<testsuite skipped="0" hostname="zConL-42" name="testcases.TestCase1" tests="3" failures="0" timestamp="2020-05-12T18:17:19 IST" time="0.501" errors="0">
  <testcase name="getAllLinks" time="0.485" classname="testcases.TestCase1"/>
  <system-out/>
  <testcase name="verifUrl" time="0.007" classname="testcases.TestCase1"/>
  <system-out/>
  <testcase name="verifyTitle" time="0.009" classname="testcases.TestCase1"/>
  <system-out/>
</testsuite> <!-- testcases.TestCase1 -->
