<?xml version="1.0" encoding="UTF-8"?>
<!-- Generated by org.testng.reporters.JUnitReportReporter -->
<testsuite skipped="0" hostname="zConL-42" name="testcases.TestCase1" tests="3" failures="0" timestamp="2020-05-12T18:35:02 IST" time="0.516" errors="0">
  <testcase name="getAllLinks" time="0.497" classname="testcases.TestCase1"/>
  <system-out/>
  <testcase name="verifUrl" time="0.008" classname="testcases.TestCase1"/>
  <system-out/>
  <testcase name="verifyTitle" time="0.011" classname="testcases.TestCase1"/>
  <system-out/>
</testsuite> <!-- testcases.TestCase1 -->
